<?xml version="1.0" encoding="UTF-8"?>
<!-- Generated by org.testng.reporters.JUnitReportReporter -->
<testsuite hostname="DESKTOP-DURSOOV" name="scripts.Verifyactitimeversion" tests="1" failures="0" timestamp="25 May 2019 13:45:15 GMT" time="36.899" errors="0">
  <testcase name="testVerifyactitimeversion" time="36.899" classname="scripts.Verifyactitimeversion"/>
</testsuite> <!-- scripts.Verifyactitimeversion -->
