<?xml version="1.0" encoding="UTF-8"?>
<!-- Generated by org.testng.reporters.JUnitReportReporter -->
<testsuite hostname="DESKTOP-DURSOOV" name="scripts.Validloginlogout" tests="1" failures="0" timestamp="25 May 2019 13:45:15 GMT" time="33.330" errors="0">
  <testcase name="testValidloginlogout" time="33.330" classname="scripts.Validloginlogout"/>
</testsuite> <!-- scripts.Validloginlogout -->
