<?xml version="1.0" encoding="UTF-8"?>
<!-- Generated by org.testng.reporters.JUnitReportReporter -->
<testsuite hostname="DESKTOP-DURSOOV" name="scripts.Invalidlogin" tests="1" failures="0" timestamp="25 May 2019 13:45:15 GMT" time="25.797" errors="0">
  <testcase name="testInvalidlogin" time="25.797" classname="scripts.Invalidlogin"/>
</testsuite> <!-- scripts.Invalidlogin -->
